<?xml version="1.0" encoding="UTF-8"?>
<testsuites name="Welcomemessage" time="9.27" tests="1" failures="0" errors="0">
   <testsuite name="Welcomemessage" tests="1" failures="0" errors="0" time="9.27" skipped="0" timestamp="30-01-2024T20:51:03" hostname="hp - 192.168.2.4" id="Test Suites/Welcomemessage">
      <properties>
         <property name="deviceName" value=""/>
         <property name="devicePlatform" value=""/>
         <property name="logFolder" value="C:\\Users\\hp\\git\\SI-GuidedProject-705449-1706164315\\Reports\\20240130_205037\\Welcomemessage\\20240130_205038"/>
         <property name="logFiles" value="C:\\Users\\hp\\git\\SI-GuidedProject-705449-1706164315\\Reports\\20240130_205037\\Welcomemessage\\20240130_205038\\execution0.log"/>
         <property name="attachments" value=""/>
         <property name="hostName" value="hp - 192.168.2.4"/>
         <property name="os" value="Windows 11 64bit"/>
         <property name="katalonVersion" value="9.2.0.212"/>
         <property name="browser" value="Edge Chromium 121"/>
         <property name="hostAddress" value="192.168.2.4"/>
         <property name="sessionId" value="86b1bdcfd782aee7f0e608e471159d13"/>
         <property name="seleniumVersion" value="3.141.59"/>
         <property name="proxyInformation" value="ProxyInformation { proxyOption=NO_PROXY, proxyServerType=HTTP, username=, password=********, proxyServerAddress=, proxyServerPort=0, executionList=&quot;&quot;, isApplyToDesiredCapabilities=true }"/>
         <property name="platform" value="Windows 11"/>
      </properties>
      <testcase name="Test Cases/Test6" time="8.738" classname="Test Cases/Test6" status="PASSED">
         <system-out><![CDATA[30-01-2024T20:51:03 - [TEST_CASE][PASSED] - Test Cases/Test6: Test Cases/Test6

30-01-2024T20:51:03 - [TEST_STEP][PASSED] - Start listener action : sampleBeforeTestCase: Navigate to 'https://www.amazon.com/delay/' successfully

30-01-2024T20:51:04 - [TEST_STEP][PASSED] - openBrowser(""): Browser is opened with url: ''

30-01-2024T20:51:05 - [MESSAGE][INFO] - Starting 'Edge Chromium' driver

30-01-2024T20:51:07 - [MESSAGE][INFO] - Action delay is set to 0 milliseconds

30-01-2024T20:51:10 - [MESSAGE][PASSED] - Browser is opened with url: ''

30-01-2024T20:51:10 - [TEST_STEP][PASSED] - navigateToUrl("https://www.amazon.com/delay/"): Navigate to 'https://www.amazon.com/delay/' successfully

30-01-2024T20:51:11 - [MESSAGE][PASSED] - Navigate to 'https://www.amazon.com/delay/' successfully

30-01-2024T20:51:12 - [TEST_STEP][PASSED] - com.test.demo.Demo.print(): com.test.demo.Demo.print is PASSED

30-01-2024T20:51:12 - [MESSAGE][PASSED] - com.test.demo.Demo.print is PASSED

30-01-2024T20:51:12 - [TEST_STEP][PASSED] - Start listener action : sampleAfterTestCase: Browser is closed

30-01-2024T20:51:12 - [TEST_STEP][PASSED] - closeBrowser(): Browser is closed

30-01-2024T20:51:12 - [MESSAGE][PASSED] - Browser is closed]]></system-out>
         <system-err><![CDATA[]]></system-err>
      </testcase>
      <system-out><![CDATA[30-01-2024T20:51:03 - [TEST_SUITE][PASSED] - Welcomemessage: Test Cases/Test6]]></system-out>
      <system-err><![CDATA[]]></system-err>
   </testsuite>
</testsuites>
